<html>
<head>
<title>TestNG:  Command line test</title>
<link href="../testng.css" rel="stylesheet" type="text/css" />
<link href="../my-testng.css" rel="stylesheet" type="text/css" />

<style type="text/css">
.log { display: none;} 
.stack-trace { display: none;} 
</style>
<script type="text/javascript">
<!--
function flip(e) {
  current = e.style.display;
  if (current == 'block') {
    e.style.display = 'none';
    return 0;
  }
  else {
    e.style.display = 'block';
    return 1;
  }
}

function toggleBox(szDivId, elem, msg1, msg2)
{
  var res = -1;  if (document.getElementById) {
    res = flip(document.getElementById(szDivId));
  }
  else if (document.all) {
    // this is the way old msie versions work
    res = flip(document.all[szDivId]);
  }
  if(elem) {
    if(res == 0) elem.innerHTML = msg1; else elem.innerHTML = msg2;
  }

}

function toggleAllBoxes() {
  if (document.getElementsByTagName) {
    d = document.getElementsByTagName('div');
    for (i = 0; i < d.length; i++) {
      if (d[i].className == 'log') {
        flip(d[i]);
      }
    }
  }
}

// -->
</script>

</head>
<body>
<h2 align='center'>Command line test</h2><table border='1' align="center">
<tr>
<td>Tests passed/Failed/Skipped:</td><td>8/1/0</td>
</tr><tr>
<td>Started on:</td><td>Tue Nov 03 20:19:03 IST 2020</td>
</tr>
<tr><td>Total time:</td><td>65 seconds (65339 ms)</td>
</tr><tr>
<td>Included groups:</td><td></td>
</tr><tr>
<td>Excluded groups:</td><td></td>
</tr>
</table><p/>
<small><i>(Hover the method name to see the test class name)</i></small><p/>
<table width='100%' border='1' class='invocation-failed'>
<tr><td colspan='4' align='center'><b>FAILED TESTS</b></td></tr>
<tr><td><b>Test method</b></td>
<td width="30%"><b>Exception</b></td>
<td width="10%"><b>Time (seconds)</b></td>
<td><b>Instance</b></td>
</tr>
<tr>
<td title='com.orangehrmlive.XmlTest.paratest()'><b>paratest</b><br>Test class: com.orangehrmlive.XmlTest</td>
<td><div><pre>org.testng.TestNGException: 
Parameter &apos;uname&apos; is required by @Test on method paratest but has not been marked @Optional or defined

... Removed 34 stack frames</pre></div><a href='#' onClick='toggleBox("stack-trace33419717", this, "Click to show all stack frames", "Click to hide stack frames")'>Click to show all stack frames</a>
<div class='stack-trace' id='stack-trace33419717'><pre>org.testng.TestNGException: 
Parameter &apos;uname&apos; is required by @Test on method paratest but has not been marked @Optional or defined

	at org.testng.internal.Parameters.createParams(Parameters.java:290)
	at org.testng.internal.Parameters.createParametersForMethod(Parameters.java:359)
	at org.testng.internal.Parameters.createParameters(Parameters.java:620)
	at org.testng.internal.Parameters.handleParameters(Parameters.java:769)
	at org.testng.internal.ParameterHandler.handleParameters(ParameterHandler.java:49)
	at org.testng.internal.ParameterHandler.createParameters(ParameterHandler.java:37)
	at org.testng.internal.Invoker.invokeTestMethods(Invoker.java:924)
	at org.testng.internal.TestMethodWorker.invokeTestMethods(TestMethodWorker.java:125)
	at org.testng.internal.TestMethodWorker.run(TestMethodWorker.java:109)
	at org.testng.TestRunner.privateRun(TestRunner.java:648)
	at org.testng.TestRunner.run(TestRunner.java:505)
	at org.testng.SuiteRunner.runTest(SuiteRunner.java:455)
	at org.testng.SuiteRunner.runSequentially(SuiteRunner.java:450)
	at org.testng.SuiteRunner.privateRun(SuiteRunner.java:415)
	at org.testng.SuiteRunner.run(SuiteRunner.java:364)
	at org.testng.SuiteRunnerWorker.runSuite(SuiteRunnerWorker.java:52)
	at org.testng.SuiteRunnerWorker.run(SuiteRunnerWorker.java:84)
	at org.testng.TestNG.runSuitesSequentially(TestNG.java:1208)
	at org.testng.TestNG.runSuitesLocally(TestNG.java:1137)
	at org.testng.TestNG.runSuites(TestNG.java:1049)
	at org.testng.TestNG.run(TestNG.java:1017)
	at org.apache.maven.surefire.testng.TestNGExecutor.run(TestNGExecutor.java:77)
	at org.apache.maven.surefire.testng.TestNGDirectoryTestSuite.executeMulti(TestNGDirectoryTestSuite.java:159)
	at org.apache.maven.surefire.testng.TestNGDirectoryTestSuite.execute(TestNGDirectoryTestSuite.java:99)
	at org.apache.maven.surefire.testng.TestNGProvider.invoke(TestNGProvider.java:106)
	at sun.reflect.NativeMethodAccessorImpl.invoke0(Native Method)
	at sun.reflect.NativeMethodAccessorImpl.invoke(NativeMethodAccessorImpl.java:62)
	at sun.reflect.DelegatingMethodAccessorImpl.invoke(DelegatingMethodAccessorImpl.java:43)
	at java.lang.reflect.Method.invoke(Method.java:498)
	at org.apache.maven.surefire.util.ReflectionUtils.invokeMethodWithArray(ReflectionUtils.java:189)
	at org.apache.maven.surefire.booter.ProviderFactory$ProviderProxy.invoke(ProviderFactory.java:165)
	at org.apache.maven.surefire.booter.ProviderFactory.invokeProvider(ProviderFactory.java:85)
	at org.apache.maven.surefire.booter.ForkedBooter.runSuitesInProcess(ForkedBooter.java:115)
	at org.apache.maven.surefire.booter.ForkedBooter.main(ForkedBooter.java:75)
</pre></div></td>
<td>0</td>
<td>com.orangehrmlive.XmlTest@5ebec15</td></tr>
</table><p>
<table width='100%' border='1' class='invocation-passed'>
<tr><td colspan='4' align='center'><b>PASSED TESTS</b></td></tr>
<tr><td><b>Test method</b></td>
<td width="30%"><b>Exception</b></td>
<td width="10%"><b>Time (seconds)</b></td>
<td><b>Instance</b></td>
</tr>
<tr>
<td title='com.orangehrmlive.TestNGDemo.adminTest()'><b>adminTest</b><br>Test class: com.orangehrmlive.TestNGDemo</td>
<td></td>
<td>1</td>
<td>com.orangehrmlive.TestNGDemo@3d8c7aca</td></tr>
<tr>
<td title='com.orangehrmlive.GroupTest.adminmodule1()'><b>adminmodule1</b><br>Test class: com.orangehrmlive.GroupTest</td>
<td></td>
<td>0</td>
<td>com.orangehrmlive.GroupTest@1a407d53</td></tr>
<tr>
<td title='com.orangehrmlive.GroupTest.adminmodule2()'><b>adminmodule2</b><br>Test class: com.orangehrmlive.GroupTest</td>
<td></td>
<td>0</td>
<td>com.orangehrmlive.GroupTest@1a407d53</td></tr>
<tr>
<td title='com.orangehrmlive.DataProviderTest.f()'><b>f</b><br>Test class: com.orangehrmlive.DataProviderTest<br>Parameters: test, test123</td>
<td></td>
<td>14</td>
<td>com.orangehrmlive.DataProviderTest@3498ed</td></tr>
<tr>
<td title='com.orangehrmlive.DataProviderTest.f()'><b>f</b><br>Test class: com.orangehrmlive.DataProviderTest<br>Parameters: Admin, admin123</td>
<td></td>
<td>16</td>
<td>com.orangehrmlive.DataProviderTest@3498ed</td></tr>
<tr>
<td title='com.orangehrmlive.TestNGDemo.leaveTest()'><b>leaveTest</b><br>Test class: com.orangehrmlive.TestNGDemo</td>
<td></td>
<td>3</td>
<td>com.orangehrmlive.TestNGDemo@3d8c7aca</td></tr>
<tr>
<td title='com.orangehrmlive.GroupTest.leavemodule1()'><b>leavemodule1</b><br>Test class: com.orangehrmlive.GroupTest</td>
<td></td>
<td>0</td>
<td>com.orangehrmlive.GroupTest@1a407d53</td></tr>
<tr>
<td title='com.orangehrmlive.GroupTest.leavemodule2()'><b>leavemodule2</b><br>Test class: com.orangehrmlive.GroupTest</td>
<td></td>
<td>0</td>
<td>com.orangehrmlive.GroupTest@1a407d53</td></tr>
</table><p>
</body>
</html>