<?xml version="1.0" encoding="UTF-8"?>
<!-- Generated by org.testng.reporters.JUnitXMLReporter -->
<testsuite hostname="LAPTOP-0H9ENQD4" ignored="0" name="Command line test" tests="9" failures="1" timestamp="03 Nov 2020 14:50:08 GMT" time="65.339" errors="0">
  <testcase name="f" time="14.222" classname="com.orangehrmlive.DataProviderTest"/>
  <testcase name="f" time="16.436" classname="com.orangehrmlive.DataProviderTest"/>
  <testcase name="adminmodule1" time="0.0" classname="com.orangehrmlive.GroupTest"/>
  <testcase name="adminmodule2" time="0.0" classname="com.orangehrmlive.GroupTest"/>
  <testcase name="leavemodule1" time="0.0" classname="com.orangehrmlive.GroupTest"/>
  <testcase name="leavemodule2" time="0.001" classname="com.orangehrmlive.GroupTest"/>
  <testcase name="adminTest" time="1.666" classname="com.orangehrmlive.TestNGDemo"/>
  <testcase name="leaveTest" time="3.194" classname="com.orangehrmlive.TestNGDemo"/>
  <testcase name="paratest" time="0.0" classname="com.orangehrmlive.XmlTest">
    <failure type="org.testng.TestNGException" message="
Parameter &amp;apos;uname&amp;apos; is required by @Test on method paratest but has not been marked @Optional or defined
">
      <![CDATA[org.testng.TestNGException: 
Parameter 'uname' is required by @Test on method paratest but has not been marked @Optional or defined

... Removed 34 stack frames]]>
    </failure>
  </testcase> <!-- paratest -->
</testsuite> <!-- Command line test -->
